<?xml version="1.0" encoding="UTF-8"?>
<coverage generated="1702379997494" clover="3.2.0">
  <project timestamp="1702379997494" name="All files">
    <metrics statements="35" coveredstatements="27" conditionals="6" coveredconditionals="4" methods="16" coveredmethods="9" elements="57" coveredelements="40" complexity="0" loc="35" ncloc="35" packages="2" files="8" classes="8"/>
    <package name="Components">
      <metrics statements="18" coveredstatements="15" conditionals="6" coveredconditionals="4" methods="9" coveredmethods="7"/>
      <file name="Contact.js" path="D:\React-project\Food vila\Src\Components\Contact.js">
        <metrics statements="2" coveredstatements="2" conditionals="0" coveredconditionals="0" methods="1" coveredmethods="1"/>
        <line num="3" count="1" type="stmt"/>
        <line num="4" count="2" type="stmt"/>
      </file>
      <file name="Header.js" path="D:\React-project\Food vila\Src\Components\Header.js">
        <metrics statements="12" coveredstatements="9" conditionals="4" coveredconditionals="3" methods="6" coveredmethods="4"/>
        <line num="8" count="1" type="stmt"/>
        <line num="9" count="4" type="stmt"/>
        <line num="22" count="1" type="stmt"/>
        <line num="23" count="4" type="stmt"/>
        <line num="24" count="4" type="stmt"/>
        <line num="25" count="4" type="stmt"/>
        <line num="26" count="7" type="stmt"/>
        <line num="28" count="4" type="stmt"/>
        <line num="35" count="0" type="stmt"/>
        <line num="65" count="1" type="stmt"/>
        <line num="74" count="0" type="stmt"/>
        <line num="75" count="0" type="stmt"/>
      </file>
      <file name="Restaurantlist.js" path="D:\React-project\Food vila\Src\Components\Restaurantlist.js">
        <metrics statements="2" coveredstatements="2" conditionals="2" coveredconditionals="1" methods="1" coveredmethods="1"/>
        <line num="2" count="1" type="stmt"/>
        <line num="3" count="1" type="stmt"/>
      </file>
      <file name="sum.js" path="D:\React-project\Food vila\Src\Components\sum.js">
        <metrics statements="2" coveredstatements="2" conditionals="0" coveredconditionals="0" methods="1" coveredmethods="1"/>
        <line num="1" count="1" type="stmt"/>
        <line num="2" count="1" type="stmt"/>
      </file>
    </package>
    <package name="utils">
      <metrics statements="17" coveredstatements="12" conditionals="0" coveredconditionals="0" methods="7" coveredmethods="2"/>
      <file name="Constants.js" path="D:\React-project\Food vila\Src\utils\Constants.js">
        <metrics statements="3" coveredstatements="3" conditionals="0" coveredconditionals="0" methods="0" coveredmethods="0"/>
        <line num="1" count="1" type="stmt"/>
        <line num="4" count="1" type="stmt"/>
        <line num="557" count="1" type="stmt"/>
      </file>
      <file name="appStore.js" path="D:\React-project\Food vila\Src\utils\appStore.js">
        <metrics statements="1" coveredstatements="1" conditionals="0" coveredconditionals="0" methods="0" coveredmethods="0"/>
        <line num="4" count="1" type="stmt"/>
      </file>
      <file name="cartSlice.js" path="D:\React-project\Food vila\Src\utils\cartSlice.js">
        <metrics statements="5" coveredstatements="2" conditionals="0" coveredconditionals="0" methods="3" coveredmethods="0"/>
        <line num="3" count="1" type="stmt"/>
        <line num="10" count="0" type="stmt"/>
        <line num="13" count="0" type="stmt"/>
        <line num="16" count="0" type="stmt"/>
        <line num="23" count="1" type="stmt"/>
      </file>
      <file name="useOnlinestatus.js" path="D:\React-project\Food vila\Src\utils\useOnlinestatus.js">
        <metrics statements="8" coveredstatements="6" conditionals="0" coveredconditionals="0" methods="4" coveredmethods="2"/>
        <line num="3" count="1" type="stmt"/>
        <line num="4" count="4" type="stmt"/>
        <line num="5" count="4" type="stmt"/>
        <line num="6" count="3" type="stmt"/>
        <line num="7" count="0" type="stmt"/>
        <line num="9" count="3" type="stmt"/>
        <line num="10" count="0" type="stmt"/>
        <line num="13" count="4" type="stmt"/>
      </file>
    </package>
  </project>
</coverage>
