{"D:\\React-project\\Food vila\\Src\\Components\\Contact.js": {"path":"D:\\React-project\\Food vila\\Src\\Components\\Contact.js","statementMap":{"0":{"start":{"line":3,"column":16},"end":{"line":14,"column":1}},"1":{"start":{"line":4,"column":2},"end":{"line":13,"column":3}}},"fnMap":{"0":{"name":"(anonymous_0)","decl":{"start":{"line":3,"column":16},"end":{"line":3,"column":17}},"loc":{"start":{"line":3,"column":22},"end":{"line":14,"column":1}},"line":3}},"branchMap":{},"s":{"0":1,"1":2},"f":{"0":2},"b":{},"_coverageSchema":"1a1c01bbd47fc00a2c39e90264f33305004495a9","hash":"1e0796a962fba18feeef9e82cd885cbf6566d323"}
,"D:\\React-project\\Food vila\\Src\\Components\\Header.js": {"path":"D:\\React-project\\Food vila\\Src\\Components\\Header.js","statementMap":{"0":{"start":{"line":8,"column":14},"end":{"line":20,"column":1}},"1":{"start":{"line":9,"column":2},"end":{"line":19,"column":4}},"2":{"start":{"line":22,"column":15},"end":{"line":85,"column":1}},"3":{"start":{"line":23,"column":28},"end":{"line":23,"column":49}},"4":{"start":{"line":24,"column":34},"end":{"line":24,"column":48}},"5":{"start":{"line":25,"column":23},"end":{"line":25,"column":40}},"6":{"start":{"line":26,"column":20},"end":{"line":26,"column":60}},"7":{"start":{"line":26,"column":43},"end":{"line":26,"column":59}},"8":{"start":{"line":28,"column":2},"end":{"line":84,"column":4}},"9":{"start":{"line":35,"column":10},"end":{"line":35,"column":33}},"10":{"start":{"line":65,"column":16},"end":{"line":65,"column":35}},"11":{"start":{"line":74,"column":16},"end":{"line":74,"column":34}},"12":{"start":{"line":75,"column":16},"end":{"line":75,"column":50}}},"fnMap":{"0":{"name":"(anonymous_0)","decl":{"start":{"line":8,"column":14},"end":{"line":8,"column":15}},"loc":{"start":{"line":8,"column":20},"end":{"line":20,"column":1}},"line":8},"1":{"name":"(anonymous_1)","decl":{"start":{"line":22,"column":15},"end":{"line":22,"column":16}},"loc":{"start":{"line":22,"column":21},"end":{"line":85,"column":1}},"line":22},"2":{"name":"(anonymous_2)","decl":{"start":{"line":26,"column":32},"end":{"line":26,"column":33}},"loc":{"start":{"line":26,"column":43},"end":{"line":26,"column":59}},"line":26},"3":{"name":"(anonymous_3)","decl":{"start":{"line":34,"column":17},"end":{"line":34,"column":18}},"loc":{"start":{"line":34,"column":23},"end":{"line":36,"column":9}},"line":34},"4":{"name":"(anonymous_4)","decl":{"start":{"line":64,"column":23},"end":{"line":64,"column":24}},"loc":{"start":{"line":64,"column":29},"end":{"line":66,"column":15}},"line":64},"5":{"name":"(anonymous_5)","decl":{"start":{"line":73,"column":23},"end":{"line":73,"column":24}},"loc":{"start":{"line":73,"column":29},"end":{"line":76,"column":15}},"line":73}},"branchMap":{"0":{"loc":{"start":{"line":43,"column":29},"end":{"line":43,"column":55}},"type":"cond-expr","locations":[{"start":{"line":43,"column":44},"end":{"line":43,"column":48}},{"start":{"line":43,"column":51},"end":{"line":43,"column":55}}],"line":43},"1":{"loc":{"start":{"line":61,"column":11},"end":{"line":80,"column":11}},"type":"cond-expr","locations":[{"start":{"line":62,"column":12},"end":{"line":69,"column":21}},{"start":{"line":71,"column":12},"end":{"line":79,"column":21}}],"line":61}},"s":{"0":1,"1":4,"2":1,"3":4,"4":4,"5":4,"6":4,"7":7,"8":4,"9":0,"10":1,"11":0,"12":0},"f":{"0":4,"1":4,"2":7,"3":0,"4":1,"5":0},"b":{"0":[4,0],"1":[3,1]},"_coverageSchema":"1a1c01bbd47fc00a2c39e90264f33305004495a9","hash":"318c4e0458768e3df60ce3bd7d9833b9413d389f"}
,"D:\\React-project\\Food vila\\Src\\Components\\Restaurantlist.js": {"path":"D:\\React-project\\Food vila\\Src\\Components\\Restaurantlist.js","statementMap":{"0":{"start":{"line":2,"column":23},"end":{"line":12,"column":3}},"1":{"start":{"line":3,"column":4},"end":{"line":11,"column":6}}},"fnMap":{"0":{"name":"(anonymous_0)","decl":{"start":{"line":2,"column":23},"end":{"line":2,"column":24}},"loc":{"start":{"line":2,"column":77},"end":{"line":12,"column":3}},"line":2}},"branchMap":{"0":{"loc":{"start":{"line":7,"column":14},"end":{"line":7,"column":50}},"type":"cond-expr","locations":[{"start":{"line":7,"column":25},"end":{"line":7,"column":44}},{"start":{"line":7,"column":47},"end":{"line":7,"column":50}}],"line":7}},"s":{"0":1,"1":1},"f":{"0":1},"b":{"0":[0,1]},"_coverageSchema":"1a1c01bbd47fc00a2c39e90264f33305004495a9","hash":"085a70b009ee9e4b0f5cd357da7974063c536f6e"}
,"D:\\React-project\\Food vila\\Src\\Components\\sum.js": {"path":"D:\\React-project\\Food vila\\Src\\Components\\sum.js","statementMap":{"0":{"start":{"line":1,"column":19},"end":{"line":3,"column":1}},"1":{"start":{"line":2,"column":4},"end":{"line":2,"column":17}}},"fnMap":{"0":{"name":"(anonymous_0)","decl":{"start":{"line":1,"column":19},"end":{"line":1,"column":20}},"loc":{"start":{"line":1,"column":28},"end":{"line":3,"column":1}},"line":1}},"branchMap":{},"s":{"0":1,"1":1},"f":{"0":1},"b":{},"_coverageSchema":"1a1c01bbd47fc00a2c39e90264f33305004495a9","hash":"7a5e0de5f12af0e4b7fbd696054ed961c0e393a2"}
,"D:\\React-project\\Food vila\\Src\\utils\\Constants.js": {"path":"D:\\React-project\\Food vila\\Src\\utils\\Constants.js","statementMap":{"0":{"start":{"line":1,"column":24},"end":{"line":1,"column":107}},"1":{"start":{"line":4,"column":34},"end":{"line":555,"column":3}},"2":{"start":{"line":557,"column":26},"end":{"line":557,"column":149}}},"fnMap":{},"branchMap":{},"s":{"0":1,"1":1,"2":1},"f":{},"b":{},"_coverageSchema":"1a1c01bbd47fc00a2c39e90264f33305004495a9","hash":"3e9c21f8bee13717ac966b53fc0d2056abfd6bb4"}
,"D:\\React-project\\Food vila\\Src\\utils\\appStore.js": {"path":"D:\\React-project\\Food vila\\Src\\utils\\appStore.js","statementMap":{"0":{"start":{"line":4,"column":17},"end":{"line":8,"column":3}}},"fnMap":{},"branchMap":{},"s":{"0":1},"f":{},"b":{},"_coverageSchema":"1a1c01bbd47fc00a2c39e90264f33305004495a9","hash":"8c2a7fa87af2759b25061e9af196a9afc3850d53"}
,"D:\\React-project\\Food vila\\Src\\utils\\cartSlice.js": {"path":"D:\\React-project\\Food vila\\Src\\utils\\cartSlice.js","statementMap":{"0":{"start":{"line":3,"column":18},"end":{"line":22,"column":2}},"1":{"start":{"line":10,"column":12},"end":{"line":10,"column":45}},"2":{"start":{"line":13,"column":12},"end":{"line":13,"column":30}},"3":{"start":{"line":16,"column":12},"end":{"line":16,"column":35}},"4":{"start":{"line":23,"column":46},"end":{"line":23,"column":63}}},"fnMap":{"0":{"name":"(anonymous_0)","decl":{"start":{"line":9,"column":18},"end":{"line":9,"column":19}},"loc":{"start":{"line":9,"column":36},"end":{"line":11,"column":9}},"line":9},"1":{"name":"(anonymous_1)","decl":{"start":{"line":12,"column":21},"end":{"line":12,"column":22}},"loc":{"start":{"line":12,"column":39},"end":{"line":14,"column":9}},"line":12},"2":{"name":"(anonymous_2)","decl":{"start":{"line":15,"column":20},"end":{"line":15,"column":21}},"loc":{"start":{"line":15,"column":37},"end":{"line":17,"column":9}},"line":15}},"branchMap":{},"s":{"0":1,"1":0,"2":0,"3":0,"4":1},"f":{"0":0,"1":0,"2":0},"b":{},"_coverageSchema":"1a1c01bbd47fc00a2c39e90264f33305004495a9","hash":"6cf8d4cc9bee79ae9b1d1b2134aaf50df0360423"}
,"D:\\React-project\\Food vila\\Src\\utils\\useOnlinestatus.js": {"path":"D:\\React-project\\Food vila\\Src\\utils\\useOnlinestatus.js","statementMap":{"0":{"start":{"line":3,"column":24},"end":{"line":14,"column":1}},"1":{"start":{"line":4,"column":43},"end":{"line":4,"column":57}},"2":{"start":{"line":5,"column":4},"end":{"line":12,"column":9}},"3":{"start":{"line":6,"column":8},"end":{"line":8,"column":10}},"4":{"start":{"line":7,"column":12},"end":{"line":7,"column":35}},"5":{"start":{"line":9,"column":8},"end":{"line":11,"column":10}},"6":{"start":{"line":10,"column":12},"end":{"line":10,"column":34}},"7":{"start":{"line":13,"column":4},"end":{"line":13,"column":24}}},"fnMap":{"0":{"name":"(anonymous_0)","decl":{"start":{"line":3,"column":24},"end":{"line":3,"column":25}},"loc":{"start":{"line":3,"column":30},"end":{"line":14,"column":1}},"line":3},"1":{"name":"(anonymous_1)","decl":{"start":{"line":5,"column":14},"end":{"line":5,"column":15}},"loc":{"start":{"line":5,"column":18},"end":{"line":12,"column":5}},"line":5},"2":{"name":"(anonymous_2)","decl":{"start":{"line":6,"column":42},"end":{"line":6,"column":43}},"loc":{"start":{"line":6,"column":46},"end":{"line":8,"column":9}},"line":6},"3":{"name":"(anonymous_3)","decl":{"start":{"line":9,"column":41},"end":{"line":9,"column":42}},"loc":{"start":{"line":9,"column":45},"end":{"line":11,"column":9}},"line":9}},"branchMap":{},"s":{"0":1,"1":4,"2":4,"3":3,"4":0,"5":3,"6":0,"7":4},"f":{"0":4,"1":3,"2":0,"3":0},"b":{},"_coverageSchema":"1a1c01bbd47fc00a2c39e90264f33305004495a9","hash":"f314d23493a80036d2b0ae0245bbe51dcc2c724a"}
}
